system   D            wsystem.c:583  maybe_parent_dir                 [   0.00086] Also searching C:\Users\dell\Desktop\Project\Tony and Magic\
system   D            wsystem.c:633  _al_win_safe_load_library        [   0.00131] PathFindOnPath found: C:\Windows\system32\d3d9.dll
system   D            wsystem.c:544  load_library_at_path             [   0.00137] Calling LoadLibrary C:\Windows\system32\d3d9.dll
system   I            wsystem.c:547  load_library_at_path             [   0.01177] Loaded C:\Windows\system32\d3d9.dll
d3d      I         d3d_disp.cpp:696  _al_d3d_init_display             [   0.11252] Render-to-texture: 1
system   I             system.c:252  al_install_system                [   0.11263] Allegro version: 5.0.10
d3d      I         d3d_disp.cpp:1737 d3d_create_display_locked        [   0.15294] faux_fullscreen=0
d3d      D         d3d_disp.cpp:1738 d3d_create_display_locked        [   0.15302] al_display=01115890
d3d      D         d3d_disp.cpp:1739 d3d_create_display_locked        [   0.15306] al_display->vt=01111BB8
d3d      I d3d_display_formats.cpp:144  _al_d3d_generate_display_format_list [   0.20826] found 64 format combinations
display  D   display_settings.c:191  debug_display_settings           [   0.20835] color: 32 (rgba 8880), depth: 0, stencil: 0, acc: 0000, samples: 0/0
display  D   display_settings.c:506  _al_score_display_settings       [   0.20840] Score is : 897
display  D   display_settings.c:191  debug_display_settings           [   0.20843] color: 32 (rgba 8880), depth: 0, stencil: 0, acc: 0000, samples: 0/0
display  D   display_settings.c:506  _al_score_display_settings       [   0.20847] Score is : 897
display  D   display_settings.c:191  debug_display_settings           [   0.20850] color: 32 (rgba 8880), depth: 24, stencil: 8, acc: 0000, samples: 0/0
display  D   display_settings.c:506  _al_score_display_settings       [   0.20854] Score is : 897
display  D   display_settings.c:191  debug_display_settings           [   0.20857] color: 32 (rgba 8880), depth: 24, stencil: 8, acc: 0000, samples: 0/0
display  D   display_settings.c:506  _al_score_display_settings       [   0.20861] Score is : 897
display  D   display_settings.c:191  debug_display_settings           [   0.20864] color: 32 (rgba 8880), depth: 24, stencil: 0, acc: 0000, samples: 0/0
display  D   display_settings.c:506  _al_score_display_settings       [   0.20868] Score is : 897
display  D   display_settings.c:191  debug_display_settings           [   0.20872] color: 32 (rgba 8880), depth: 24, stencil: 0, acc: 0000, samples: 0/0
display  D   display_settings.c:506  _al_score_display_settings       [   0.20878] Score is : 897
display  D   display_settings.c:191  debug_display_settings           [   0.20881] color: 32 (rgba 8880), depth: 16, stencil: 0, acc: 0000, samples: 0/0
display  D   display_settings.c:506  _al_score_display_settings       [   0.20885] Score is : 897
display  D   display_settings.c:191  debug_display_settings           [   0.20888] color: 32 (rgba 8880), depth: 16, stencil: 0, acc: 0000, samples: 0/0
display  D   display_settings.c:506  _al_score_display_settings       [   0.20892] Score is : 897
display  D   display_settings.c:191  debug_display_settings           [   0.20895] color: 16 (rgba 5650), depth: 0, stencil: 0, acc: 0000, samples: 0/0
display  D   display_settings.c:506  _al_score_display_settings       [   0.20899] Score is : 897
display  D   display_settings.c:191  debug_display_settings           [   0.20902] color: 16 (rgba 5650), depth: 0, stencil: 0, acc: 0000, samples: 0/0
display  D   display_settings.c:506  _al_score_display_settings       [   0.20906] Score is : 897
display  D   display_settings.c:191  debug_display_settings           [   0.20909] color: 16 (rgba 5650), depth: 24, stencil: 8, acc: 0000, samples: 0/0
display  D   display_settings.c:506  _al_score_display_settings       [   0.20913] Score is : 897
display  D   display_settings.c:191  debug_display_settings           [   0.20916] color: 16 (rgba 5650), depth: 24, stencil: 8, acc: 0000, samples: 0/0
display  D   display_settings.c:506  _al_score_display_settings       [   0.20929] Score is : 897
display  D   display_settings.c:191  debug_display_settings           [   0.20933] color: 16 (rgba 5650), depth: 24, stencil: 0, acc: 0000, samples: 0/0
display  D   display_settings.c:506  _al_score_display_settings       [   0.20937] Score is : 897
display  D   display_settings.c:191  debug_display_settings           [   0.20940] color: 16 (rgba 5650), depth: 24, stencil: 0, acc: 0000, samples: 0/0
display  D   display_settings.c:506  _al_score_display_settings       [   0.20944] Score is : 897
display  D   display_settings.c:191  debug_display_settings           [   0.20947] color: 16 (rgba 5650), depth: 16, stencil: 0, acc: 0000, samples: 0/0
display  D   display_settings.c:506  _al_score_display_settings       [   0.20951] Score is : 897
display  D   display_settings.c:191  debug_display_settings           [   0.20954] color: 16 (rgba 5650), depth: 16, stencil: 0, acc: 0000, samples: 0/0
display  D   display_settings.c:506  _al_score_display_settings       [   0.20958] Score is : 897
display  D   display_settings.c:191  debug_display_settings           [   0.20961] color: 32 (rgba 8880), depth: 0, stencil: 0, acc: 0000, samples: 0/0
display  D   display_settings.c:377  _al_score_display_settings       [   0.20964] Single Buffer requirement not met.
display  D   display_settings.c:191  debug_display_settings           [   0.20968] color: 32 (rgba 8880), depth: 0, stencil: 0, acc: 0000, samples: 0/0
display  D   display_settings.c:377  _al_score_display_settings       [   0.20971] Single Buffer requirement not met.
display  D   display_settings.c:191  debug_display_settings           [   0.20974] color: 32 (rgba 8880), depth: 24, stencil: 8, acc: 0000, samples: 0/0
display  D   display_settings.c:377  _al_score_display_settings       [   0.20978] Single Buffer requirement not met.
display  D   display_settings.c:191  debug_display_settings           [   0.20981] color: 32 (rgba 8880), depth: 24, stencil: 8, acc: 0000, samples: 0/0
display  D   display_settings.c:377  _al_score_display_settings       [   0.20987] Single Buffer requirement not met.
display  D   display_settings.c:191  debug_display_settings           [   0.20990] color: 32 (rgba 8880), depth: 24, stencil: 0, acc: 0000, samples: 0/0
display  D   display_settings.c:377  _al_score_display_settings       [   0.20994] Single Buffer requirement not met.
display  D   display_settings.c:191  debug_display_settings           [   0.20997] color: 32 (rgba 8880), depth: 24, stencil: 0, acc: 0000, samples: 0/0
display  D   display_settings.c:377  _al_score_display_settings       [   0.21000] Single Buffer requirement not met.
display  D   display_settings.c:191  debug_display_settings           [   0.21004] color: 32 (rgba 8880), depth: 16, stencil: 0, acc: 0000, samples: 0/0
display  D   display_settings.c:377  _al_score_display_settings       [   0.21007] Single Buffer requirement not met.
display  D   display_settings.c:191  debug_display_settings           [   0.21010] color: 32 (rgba 8880), depth: 16, stencil: 0, acc: 0000, samples: 0/0
display  D   display_settings.c:377  _al_score_display_settings       [   0.21014] Single Buffer requirement not met.
display  D   display_settings.c:191  debug_display_settings           [   0.21020] color: 16 (rgba 5650), depth: 0, stencil: 0, acc: 0000, samples: 0/0
display  D   display_settings.c:377  _al_score_display_settings       [   0.21025] Single Buffer requirement not met.
display  D   display_settings.c:191  debug_display_settings           [   0.21028] color: 16 (rgba 5650), depth: 0, stencil: 0, acc: 0000, samples: 0/0
display  D   display_settings.c:377  _al_score_display_settings       [   0.21032] Single Buffer requirement not met.
display  D   display_settings.c:191  debug_display_settings           [   0.21035] color: 16 (rgba 5650), depth: 24, stencil: 8, acc: 0000, samples: 0/0
display  D   display_settings.c:377  _al_score_display_settings       [   0.21040] Single Buffer requirement not met.
display  D   display_settings.c:191  debug_display_settings           [   0.21043] color: 16 (rgba 5650), depth: 24, stencil: 8, acc: 0000, samples: 0/0
display  D   display_settings.c:377  _al_score_display_settings       [   0.21047] Single Buffer requirement not met.
display  D   display_settings.c:191  debug_display_settings           [   0.21050] color: 16 (rgba 5650), depth: 24, stencil: 0, acc: 0000, samples: 0/0
display  D   display_settings.c:377  _al_score_display_settings       [   0.21054] Single Buffer requirement not met.
display  D   display_settings.c:191  debug_display_settings           [   0.21057] color: 16 (rgba 5650), depth: 24, stencil: 0, acc: 0000, samples: 0/0
display  D   display_settings.c:377  _al_score_display_settings       [   0.21061] Single Buffer requirement not met.
display  D   display_settings.c:191  debug_display_settings           [   0.21064] color: 16 (rgba 5650), depth: 16, stencil: 0, acc: 0000, samples: 0/0
display  D   display_settings.c:377  _al_score_display_settings       [   0.21068] Single Buffer requirement not met.
display  D   display_settings.c:191  debug_display_settings           [   0.21080] color: 16 (rgba 5650), depth: 16, stencil: 0, acc: 0000, samples: 0/0
display  D   display_settings.c:377  _al_score_display_settings       [   0.21085] Single Buffer requirement not met.
display  D   display_settings.c:191  debug_display_settings           [   0.21088] color: 32 (rgba 8880), depth: 0, stencil: 0, acc: 0000, samples: 0/0
display  D   display_settings.c:506  _al_score_display_settings       [   0.21092] Score is : 769
display  D   display_settings.c:191  debug_display_settings           [   0.21095] color: 32 (rgba 8880), depth: 0, stencil: 0, acc: 0000, samples: 0/0
display  D   display_settings.c:506  _al_score_display_settings       [   0.21099] Score is : 769
display  D   display_settings.c:191  debug_display_settings           [   0.21102] color: 32 (rgba 8880), depth: 24, stencil: 8, acc: 0000, samples: 0/0
display  D   display_settings.c:506  _al_score_display_settings       [   0.21106] Score is : 769
display  D   display_settings.c:191  debug_display_settings           [   0.21109] color: 32 (rgba 8880), depth: 24, stencil: 8, acc: 0000, samples: 0/0
display  D   display_settings.c:506  _al_score_display_settings       [   0.21112] Score is : 769
display  D   display_settings.c:191  debug_display_settings           [   0.21115] color: 32 (rgba 8880), depth: 24, stencil: 0, acc: 0000, samples: 0/0
display  D   display_settings.c:506  _al_score_display_settings       [   0.21119] Score is : 769
display  D   display_settings.c:191  debug_display_settings           [   0.21122] color: 32 (rgba 8880), depth: 24, stencil: 0, acc: 0000, samples: 0/0
display  D   display_settings.c:506  _al_score_display_settings       [   0.21126] Score is : 769
display  D   display_settings.c:191  debug_display_settings           [   0.21129] color: 32 (rgba 8880), depth: 16, stencil: 0, acc: 0000, samples: 0/0
display  D   display_settings.c:506  _al_score_display_settings       [   0.21133] Score is : 769
display  D   display_settings.c:191  debug_display_settings           [   0.21136] color: 32 (rgba 8880), depth: 16, stencil: 0, acc: 0000, samples: 0/0
display  D   display_settings.c:506  _al_score_display_settings       [   0.21139] Score is : 769
display  D   display_settings.c:191  debug_display_settings           [   0.21143] color: 16 (rgba 5650), depth: 0, stencil: 0, acc: 0000, samples: 0/0
display  D   display_settings.c:506  _al_score_display_settings       [   0.21148] Score is : 769
display  D   display_settings.c:191  debug_display_settings           [   0.21151] color: 16 (rgba 5650), depth: 0, stencil: 0, acc: 0000, samples: 0/0
display  D   display_settings.c:506  _al_score_display_settings       [   0.21157] Score is : 769
display  D   display_settings.c:191  debug_display_settings           [   0.21168] color: 16 (rgba 5650), depth: 24, stencil: 8, acc: 0000, samples: 0/0
display  D   display_settings.c:506  _al_score_display_settings       [   0.21172] Score is : 769
display  D   display_settings.c:191  debug_display_settings           [   0.21175] color: 16 (rgba 5650), depth: 24, stencil: 8, acc: 0000, samples: 0/0
display  D   display_settings.c:506  _al_score_display_settings       [   0.21179] Score is : 769
display  D   display_settings.c:191  debug_display_settings           [   0.21183] color: 16 (rgba 5650), depth: 24, stencil: 0, acc: 0000, samples: 0/0
display  D   display_settings.c:506  _al_score_display_settings       [   0.21186] Score is : 769
display  D   display_settings.c:191  debug_display_settings           [   0.21189] color: 16 (rgba 5650), depth: 24, stencil: 0, acc: 0000, samples: 0/0
display  D   display_settings.c:506  _al_score_display_settings       [   0.21193] Score is : 769
display  D   display_settings.c:191  debug_display_settings           [   0.21196] color: 16 (rgba 5650), depth: 16, stencil: 0, acc: 0000, samples: 0/0
display  D   display_settings.c:506  _al_score_display_settings       [   0.21200] Score is : 769
display  D   display_settings.c:191  debug_display_settings           [   0.21203] color: 16 (rgba 5650), depth: 16, stencil: 0, acc: 0000, samples: 0/0
display  D   display_settings.c:506  _al_score_display_settings       [   0.21207] Score is : 769
display  D   display_settings.c:191  debug_display_settings           [   0.21210] color: 32 (rgba 8880), depth: 0, stencil: 0, acc: 0000, samples: 0/0
display  D   display_settings.c:377  _al_score_display_settings       [   0.21213] Single Buffer requirement not met.
display  D   display_settings.c:191  debug_display_settings           [   0.21217] color: 32 (rgba 8880), depth: 0, stencil: 0, acc: 0000, samples: 0/0
display  D   display_settings.c:377  _al_score_display_settings       [   0.21220] Single Buffer requirement not met.
display  D   display_settings.c:191  debug_display_settings           [   0.21223] color: 32 (rgba 8880), depth: 24, stencil: 8, acc: 0000, samples: 0/0
display  D   display_settings.c:377  _al_score_display_settings       [   0.21227] Single Buffer requirement not met.
display  D   display_settings.c:191  debug_display_settings           [   0.21230] color: 32 (rgba 8880), depth: 24, stencil: 8, acc: 0000, samples: 0/0
display  D   display_settings.c:377  _al_score_display_settings       [   0.21234] Single Buffer requirement not met.
display  D   display_settings.c:191  debug_display_settings           [   0.21237] color: 32 (rgba 8880), depth: 24, stencil: 0, acc: 0000, samples: 0/0
display  D   display_settings.c:377  _al_score_display_settings       [   0.21250] Single Buffer requirement not met.
display  D   display_settings.c:191  debug_display_settings           [   0.21255] color: 32 (rgba 8880), depth: 24, stencil: 0, acc: 0000, samples: 0/0
display  D   display_settings.c:377  _al_score_display_settings       [   0.21258] Single Buffer requirement not met.
display  D   display_settings.c:191  debug_display_settings           [   0.21262] color: 32 (rgba 8880), depth: 16, stencil: 0, acc: 0000, samples: 0/0
display  D   display_settings.c:377  _al_score_display_settings       [   0.21265] Single Buffer requirement not met.
display  D   display_settings.c:191  debug_display_settings           [   0.21269] color: 32 (rgba 8880), depth: 16, stencil: 0, acc: 0000, samples: 0/0
display  D   display_settings.c:377  _al_score_display_settings       [   0.21272] Single Buffer requirement not met.
display  D   display_settings.c:191  debug_display_settings           [   0.21275] color: 16 (rgba 5650), depth: 0, stencil: 0, acc: 0000, samples: 0/0
display  D   display_settings.c:377  _al_score_display_settings       [   0.21279] Single Buffer requirement not met.
display  D   display_settings.c:191  debug_display_settings           [   0.21282] color: 16 (rgba 5650), depth: 0, stencil: 0, acc: 0000, samples: 0/0
display  D   display_settings.c:377  _al_score_display_settings       [   0.21286] Single Buffer requirement not met.
display  D   display_settings.c:191  debug_display_settings           [   0.21289] color: 16 (rgba 5650), depth: 24, stencil: 8, acc: 0000, samples: 0/0
display  D   display_settings.c:377  _al_score_display_settings       [   0.21300] Single Buffer requirement not met.
display  D   display_settings.c:191  debug_display_settings           [   0.21304] color: 16 (rgba 5650), depth: 24, stencil: 8, acc: 0000, samples: 0/0
display  D   display_settings.c:377  _al_score_display_settings       [   0.21308] Single Buffer requirement not met.
display  D   display_settings.c:191  debug_display_settings           [   0.21311] color: 16 (rgba 5650), depth: 24, stencil: 0, acc: 0000, samples: 0/0
display  D   display_settings.c:377  _al_score_display_settings       [   0.21315] Single Buffer requirement not met.
display  D   display_settings.c:191  debug_display_settings           [   0.21318] color: 16 (rgba 5650), depth: 24, stencil: 0, acc: 0000, samples: 0/0
display  D   display_settings.c:377  _al_score_display_settings       [   0.21322] Single Buffer requirement not met.
display  D   display_settings.c:191  debug_display_settings           [   0.21325] color: 16 (rgba 5650), depth: 16, stencil: 0, acc: 0000, samples: 0/0
display  D   display_settings.c:377  _al_score_display_settings       [   0.21329] Single Buffer requirement not met.
display  D   display_settings.c:191  debug_display_settings           [   0.21332] color: 16 (rgba 5650), depth: 16, stencil: 0, acc: 0000, samples: 0/0
display  D   display_settings.c:377  _al_score_display_settings       [   0.21335] Single Buffer requirement not met.
d3d      D         d3d_disp.cpp:1645 d3d_create_display_internals     [   0.21341] Trying format 0.
d3d      I         d3d_disp.cpp:1326 d3d_display_thread_proc          [   0.21550] Chose a display format: 23
d3d      I         d3d_disp.cpp:1395 d3d_display_thread_proc          [   0.21558] Normal window.
d3d      I         d3d_disp.cpp:801  d3d_create_device                [   0.24872] Using no depth stencil buffer
d3d      D         d3d_disp.cpp:866  d3d_create_device                [   0.43325] BeginScene succeeded in create_device
d3d      D         d3d_disp.cpp:874  d3d_create_device                [   0.43335] Success
d3d      D         d3d_disp.cpp:1668 d3d_create_display_internals     [   0.43343] Resumed after wait.
d3d      I         d3d_disp.cpp:1701 d3d_create_display_internals     [   0.43354] Format 0 succeeded.
d3d      D         d3d_disp.cpp:1724 d3d_create_display_internals     [   0.43361] Returning d3d_display: 01115890
d3d      D         d3d_disp.cpp:1749 d3d_create_display_locked        [   0.43365] al_display=01115890
d3d      D         d3d_disp.cpp:1750 d3d_create_display_locked        [   0.43368] al_display->vt=01111BB8
d3d      D         d3d_disp.cpp:1166 real_choose_bitmap_format        [   0.44391] Fake format
d3d      D         d3d_disp.cpp:1166 real_choose_bitmap_format        [   0.44398] Fake format
d3d      D         d3d_disp.cpp:1166 real_choose_bitmap_format        [   0.44402] Fake format
d3d      D         d3d_disp.cpp:1166 real_choose_bitmap_format        [   0.44405] Fake format
d3d      D         d3d_disp.cpp:1166 real_choose_bitmap_format        [   0.44408] Fake format
d3d      D         d3d_disp.cpp:1166 real_choose_bitmap_format        [   0.44411] Fake format
d3d      D         d3d_disp.cpp:1166 real_choose_bitmap_format        [   0.44414] Fake format
d3d      D         d3d_disp.cpp:1166 real_choose_bitmap_format        [   0.44417] Fake format
d3d      D         d3d_disp.cpp:1166 real_choose_bitmap_format        [   0.44420] Fake format
d3d      D         d3d_disp.cpp:1174 real_choose_bitmap_format        [   0.44424] Alpha doesn't match
d3d      D         d3d_disp.cpp:1181 real_choose_bitmap_format        [   0.44427] Adapter format is 23
d3d      D         d3d_disp.cpp:1184 real_choose_bitmap_format        [   0.44430] Found a format
d3d      I         d3d_disp.cpp:2283 _al_d3d_create_bitmap            [   0.44434] Chose bitmap format 9
dtor     D               dtor.c:184  _al_register_destructor          [   0.46076] added dtor for object 0111A9F0, func 0FCB25BD
d3d      D          d3d_bmp.cpp:467  _al_d3d_sync_bitmap              [   0.54124] _al_d3d_sync_bitmap (system) ref count == 1
d3d      D          d3d_bmp.cpp:473  _al_d3d_sync_bitmap              [   0.54135] _al_d3d_sync_bitmap (video) ref count == 1
d3d      D         d3d_disp.cpp:1166 real_choose_bitmap_format        [   0.57083] Fake format
d3d      D         d3d_disp.cpp:1166 real_choose_bitmap_format        [   0.57091] Fake format
d3d      D         d3d_disp.cpp:1166 real_choose_bitmap_format        [   0.57094] Fake format
d3d      D         d3d_disp.cpp:1166 real_choose_bitmap_format        [   0.57097] Fake format
d3d      D         d3d_disp.cpp:1166 real_choose_bitmap_format        [   0.57100] Fake format
d3d      D         d3d_disp.cpp:1166 real_choose_bitmap_format        [   0.57103] Fake format
d3d      D         d3d_disp.cpp:1166 real_choose_bitmap_format        [   0.57106] Fake format
d3d      D         d3d_disp.cpp:1166 real_choose_bitmap_format        [   0.57109] Fake format
d3d      D         d3d_disp.cpp:1166 real_choose_bitmap_format        [   0.57112] Fake format
d3d      D         d3d_disp.cpp:1174 real_choose_bitmap_format        [   0.57115] Alpha doesn't match
d3d      D         d3d_disp.cpp:1181 real_choose_bitmap_format        [   0.57118] Adapter format is 23
d3d      D         d3d_disp.cpp:1184 real_choose_bitmap_format        [   0.57121] Found a format
d3d      I         d3d_disp.cpp:2283 _al_d3d_create_bitmap            [   0.57124] Chose bitmap format 9
dtor     D               dtor.c:184  _al_register_destructor          [   0.57184] added dtor for object 0111BBC8, func 0FCB25BD
d3d      D          d3d_bmp.cpp:467  _al_d3d_sync_bitmap              [   0.57586] _al_d3d_sync_bitmap (system) ref count == 1
d3d      D          d3d_bmp.cpp:473  _al_d3d_sync_bitmap              [   0.57594] _al_d3d_sync_bitmap (video) ref count == 1
dtor     D               dtor.c:184  _al_register_destructor          [   0.57681] added dtor for object 0111BD70, func 0FCB24FA
dtor     D               dtor.c:184  _al_register_destructor          [   0.57689] added dtor for object 0111BF08, func 0FCB27CF
d3d      D         d3d_disp.cpp:1166 real_choose_bitmap_format        [   0.57738] Fake format
d3d      D         d3d_disp.cpp:1166 real_choose_bitmap_format        [   0.57743] Fake format
d3d      D         d3d_disp.cpp:1166 real_choose_bitmap_format        [   0.57746] Fake format
d3d      D         d3d_disp.cpp:1166 real_choose_bitmap_format        [   0.57750] Fake format
d3d      D         d3d_disp.cpp:1166 real_choose_bitmap_format        [   0.57753] Fake format
d3d      D         d3d_disp.cpp:1166 real_choose_bitmap_format        [   0.57756] Fake format
d3d      D         d3d_disp.cpp:1166 real_choose_bitmap_format        [   0.57759] Fake format
d3d      D         d3d_disp.cpp:1166 real_choose_bitmap_format        [   0.57762] Fake format
d3d      D         d3d_disp.cpp:1166 real_choose_bitmap_format        [   0.57765] Fake format
d3d      D         d3d_disp.cpp:1174 real_choose_bitmap_format        [   0.57768] Alpha doesn't match
d3d      D         d3d_disp.cpp:1181 real_choose_bitmap_format        [   0.57771] Adapter format is 23
d3d      D         d3d_disp.cpp:1184 real_choose_bitmap_format        [   0.57774] Found a format
d3d      I         d3d_disp.cpp:2283 _al_d3d_create_bitmap            [   0.57778] Chose bitmap format 9
dtor     D               dtor.c:184  _al_register_destructor          [   0.57827] added dtor for object 06A97110, func 0FCB25BD
d3d      D          d3d_bmp.cpp:467  _al_d3d_sync_bitmap              [   0.58068] _al_d3d_sync_bitmap (system) ref count == 1
d3d      D          d3d_bmp.cpp:473  _al_d3d_sync_bitmap              [   0.58156] _al_d3d_sync_bitmap (video) ref count == 1
d3d      D          d3d_bmp.cpp:467  _al_d3d_sync_bitmap              [   0.64662] _al_d3d_sync_bitmap (system) ref count == 1
d3d      D          d3d_bmp.cpp:473  _al_d3d_sync_bitmap              [   0.64672] _al_d3d_sync_bitmap (video) ref count == 1
d3d      D          d3d_bmp.cpp:467  _al_d3d_sync_bitmap              [   0.64797] _al_d3d_sync_bitmap (system) ref count == 1
d3d      D          d3d_bmp.cpp:473  _al_d3d_sync_bitmap              [   0.64804] _al_d3d_sync_bitmap (video) ref count == 1
d3d      D          d3d_bmp.cpp:467  _al_d3d_sync_bitmap              [   0.64866] _al_d3d_sync_bitmap (system) ref count == 1
d3d      D          d3d_bmp.cpp:473  _al_d3d_sync_bitmap              [   0.64871] _al_d3d_sync_bitmap (video) ref count == 1
d3d      I         d3d_disp.cpp:921  d3d_destroy_display              [   1.64069] destroying display 01115890 (current 00000000)
bitmap   D             bitmap.c:548  _al_convert_to_memory_bitmap     [   1.64117] converting display bitmap 06A97110 to memory bitmap
d3d      D          d3d_bmp.cpp:467  _al_d3d_sync_bitmap              [   1.64268] _al_d3d_sync_bitmap (system) ref count == 1
d3d      D          d3d_bmp.cpp:473  _al_d3d_sync_bitmap              [   1.64276] _al_d3d_sync_bitmap (video) ref count == 1
bitmap   D             bitmap.c:548  _al_convert_to_memory_bitmap     [   1.64304] converting display bitmap 0111BBC8 to memory bitmap
d3d      D          d3d_bmp.cpp:467  _al_d3d_sync_bitmap              [   1.64382] _al_d3d_sync_bitmap (system) ref count == 1
d3d      D          d3d_bmp.cpp:473  _al_d3d_sync_bitmap              [   1.64389] _al_d3d_sync_bitmap (video) ref count == 1
bitmap   D             bitmap.c:548  _al_convert_to_memory_bitmap     [   1.64425] converting display bitmap 0111A9F0 to memory bitmap
d3d      D          d3d_bmp.cpp:467  _al_d3d_sync_bitmap              [   1.64764] _al_d3d_sync_bitmap (system) ref count == 1
d3d      D          d3d_bmp.cpp:473  _al_d3d_sync_bitmap              [   1.64772] _al_d3d_sync_bitmap (video) ref count == 1
d3d      D         d3d_disp.cpp:905  d3d_destroy_display_internals    [   1.64933] waiting for display 01115890's thread to end
d3d      W         d3d_disp.cpp:617  d3d_destroy_device               [   1.65869] d3d_destroy_device: ref count not 0
d3d      I         d3d_disp.cpp:1527 d3d_display_thread_proc          [   1.68863] d3d display thread exits
d3d      I         d3d_disp.cpp:1737 d3d_create_display_locked        [   1.69375] faux_fullscreen=0
d3d      D         d3d_disp.cpp:1738 d3d_create_display_locked        [   1.69383] al_display=01115890
d3d      D         d3d_disp.cpp:1739 d3d_create_display_locked        [   1.69387] al_display->vt=01111BB8
d3d      I d3d_display_formats.cpp:144  _al_d3d_generate_display_format_list [   1.69495] found 64 format combinations
display  D   display_settings.c:191  debug_display_settings           [   1.69503] color: 32 (rgba 8880), depth: 0, stencil: 0, acc: 0000, samples: 0/0
display  D   display_settings.c:506  _al_score_display_settings       [   1.69508] Score is : 897
display  D   display_settings.c:191  debug_display_settings           [   1.69517] color: 32 (rgba 8880), depth: 0, stencil: 0, acc: 0000, samples: 0/0
display  D   display_settings.c:506  _al_score_display_settings       [   1.69522] Score is : 897
display  D   display_settings.c:191  debug_display_settings           [   1.69526] color: 32 (rgba 8880), depth: 24, stencil: 8, acc: 0000, samples: 0/0
display  D   display_settings.c:506  _al_score_display_settings       [   1.69530] Score is : 897
display  D   display_settings.c:191  debug_display_settings           [   1.69533] color: 32 (rgba 8880), depth: 24, stencil: 8, acc: 0000, samples: 0/0
display  D   display_settings.c:506  _al_score_display_settings       [   1.69537] Score is : 897
display  D   display_settings.c:191  debug_display_settings           [   1.69540] color: 32 (rgba 8880), depth: 24, stencil: 0, acc: 0000, samples: 0/0
display  D   display_settings.c:506  _al_score_display_settings       [   1.69544] Score is : 897
display  D   display_settings.c:191  debug_display_settings           [   1.69547] color: 32 (rgba 8880), depth: 24, stencil: 0, acc: 0000, samples: 0/0
display  D   display_settings.c:506  _al_score_display_settings       [   1.69552] Score is : 897
display  D   display_settings.c:191  debug_display_settings           [   1.69555] color: 32 (rgba 8880), depth: 16, stencil: 0, acc: 0000, samples: 0/0
display  D   display_settings.c:506  _al_score_display_settings       [   1.69559] Score is : 897
display  D   display_settings.c:191  debug_display_settings           [   1.69562] color: 32 (rgba 8880), depth: 16, stencil: 0, acc: 0000, samples: 0/0
display  D   display_settings.c:506  _al_score_display_settings       [   1.69566] Score is : 897
display  D   display_settings.c:191  debug_display_settings           [   1.69569] color: 16 (rgba 5650), depth: 0, stencil: 0, acc: 0000, samples: 0/0
display  D   display_settings.c:506  _al_score_display_settings       [   1.69573] Score is : 897
display  D   display_settings.c:191  debug_display_settings           [   1.69576] color: 16 (rgba 5650), depth: 0, stencil: 0, acc: 0000, samples: 0/0
display  D   display_settings.c:506  _al_score_display_settings       [   1.69580] Score is : 897
display  D   display_settings.c:191  debug_display_settings           [   1.69583] color: 16 (rgba 5650), depth: 24, stencil: 8, acc: 0000, samples: 0/0
display  D   display_settings.c:506  _al_score_display_settings       [   1.69587] Score is : 897
display  D   display_settings.c:191  debug_display_settings           [   1.69590] color: 16 (rgba 5650), depth: 24, stencil: 8, acc: 0000, samples: 0/0
display  D   display_settings.c:506  _al_score_display_settings       [   1.69594] Score is : 897
display  D   display_settings.c:191  debug_display_settings           [   1.69597] color: 16 (rgba 5650), depth: 24, stencil: 0, acc: 0000, samples: 0/0
display  D   display_settings.c:506  _al_score_display_settings       [   1.69601] Score is : 897
display  D   display_settings.c:191  debug_display_settings           [   1.69604] color: 16 (rgba 5650), depth: 24, stencil: 0, acc: 0000, samples: 0/0
display  D   display_settings.c:506  _al_score_display_settings       [   1.69608] Score is : 897
display  D   display_settings.c:191  debug_display_settings           [   1.69611] color: 16 (rgba 5650), depth: 16, stencil: 0, acc: 0000, samples: 0/0
display  D   display_settings.c:506  _al_score_display_settings       [   1.69615] Score is : 897
display  D   display_settings.c:191  debug_display_settings           [   1.69618] color: 16 (rgba 5650), depth: 16, stencil: 0, acc: 0000, samples: 0/0
display  D   display_settings.c:506  _al_score_display_settings       [   1.69622] Score is : 897
display  D   display_settings.c:191  debug_display_settings           [   1.69625] color: 32 (rgba 8880), depth: 0, stencil: 0, acc: 0000, samples: 0/0
display  D   display_settings.c:377  _al_score_display_settings       [   1.69629] Single Buffer requirement not met.
display  D   display_settings.c:191  debug_display_settings           [   1.69632] color: 32 (rgba 8880), depth: 0, stencil: 0, acc: 0000, samples: 0/0
display  D   display_settings.c:377  _al_score_display_settings       [   1.69636] Single Buffer requirement not met.
display  D   display_settings.c:191  debug_display_settings           [   1.69640] color: 32 (rgba 8880), depth: 24, stencil: 8, acc: 0000, samples: 0/0
display  D   display_settings.c:377  _al_score_display_settings       [   1.69643] Single Buffer requirement not met.
display  D   display_settings.c:191  debug_display_settings           [   1.69647] color: 32 (rgba 8880), depth: 24, stencil: 8, acc: 0000, samples: 0/0
display  D   display_settings.c:377  _al_score_display_settings       [   1.69650] Single Buffer requirement not met.
display  D   display_settings.c:191  debug_display_settings           [   1.69654] color: 32 (rgba 8880), depth: 24, stencil: 0, acc: 0000, samples: 0/0
display  D   display_settings.c:377  _al_score_display_settings       [   1.69658] Single Buffer requirement not met.
display  D   display_settings.c:191  debug_display_settings           [   1.69661] color: 32 (rgba 8880), depth: 24, stencil: 0, acc: 0000, samples: 0/0
display  D   display_settings.c:377  _al_score_display_settings       [   1.69673] Single Buffer requirement not met.
display  D   display_settings.c:191  debug_display_settings           [   1.69677] color: 32 (rgba 8880), depth: 16, stencil: 0, acc: 0000, samples: 0/0
display  D   display_settings.c:377  _al_score_display_settings       [   1.69681] Single Buffer requirement not met.
display  D   display_settings.c:191  debug_display_settings           [   1.69684] color: 32 (rgba 8880), depth: 16, stencil: 0, acc: 0000, samples: 0/0
display  D   display_settings.c:377  _al_score_display_settings       [   1.69688] Single Buffer requirement not met.
display  D   display_settings.c:191  debug_display_settings           [   1.69691] color: 16 (rgba 5650), depth: 0, stencil: 0, acc: 0000, samples: 0/0
display  D   display_settings.c:377  _al_score_display_settings       [   1.69695] Single Buffer requirement not met.
display  D   display_settings.c:191  debug_display_settings           [   1.69698] color: 16 (rgba 5650), depth: 0, stencil: 0, acc: 0000, samples: 0/0
display  D   display_settings.c:377  _al_score_display_settings       [   1.69702] Single Buffer requirement not met.
display  D   display_settings.c:191  debug_display_settings           [   1.69705] color: 16 (rgba 5650), depth: 24, stencil: 8, acc: 0000, samples: 0/0
display  D   display_settings.c:377  _al_score_display_settings       [   1.69709] Single Buffer requirement not met.
display  D   display_settings.c:191  debug_display_settings           [   1.69712] color: 16 (rgba 5650), depth: 24, stencil: 8, acc: 0000, samples: 0/0
display  D   display_settings.c:377  _al_score_display_settings       [   1.69716] Single Buffer requirement not met.
display  D   display_settings.c:191  debug_display_settings           [   1.69719] color: 16 (rgba 5650), depth: 24, stencil: 0, acc: 0000, samples: 0/0
display  D   display_settings.c:377  _al_score_display_settings       [   1.69723] Single Buffer requirement not met.
display  D   display_settings.c:191  debug_display_settings           [   1.69726] color: 16 (rgba 5650), depth: 24, stencil: 0, acc: 0000, samples: 0/0
display  D   display_settings.c:377  _al_score_display_settings       [   1.69730] Single Buffer requirement not met.
display  D   display_settings.c:191  debug_display_settings           [   1.69733] color: 16 (rgba 5650), depth: 16, stencil: 0, acc: 0000, samples: 0/0
display  D   display_settings.c:377  _al_score_display_settings       [   1.69737] Single Buffer requirement not met.
display  D   display_settings.c:191  debug_display_settings           [   1.69740] color: 16 (rgba 5650), depth: 16, stencil: 0, acc: 0000, samples: 0/0
display  D   display_settings.c:377  _al_score_display_settings       [   1.69744] Single Buffer requirement not met.
display  D   display_settings.c:191  debug_display_settings           [   1.69747] color: 32 (rgba 8880), depth: 0, stencil: 0, acc: 0000, samples: 0/0
display  D   display_settings.c:506  _al_score_display_settings       [   1.69751] Score is : 769
display  D   display_settings.c:191  debug_display_settings           [   1.69754] color: 32 (rgba 8880), depth: 0, stencil: 0, acc: 0000, samples: 0/0
display  D   display_settings.c:506  _al_score_display_settings       [   1.69758] Score is : 769
display  D   display_settings.c:191  debug_display_settings           [   1.69761] color: 32 (rgba 8880), depth: 24, stencil: 8, acc: 0000, samples: 0/0
display  D   display_settings.c:506  _al_score_display_settings       [   1.69765] Score is : 769
display  D   display_settings.c:191  debug_display_settings           [   1.69768] color: 32 (rgba 8880), depth: 24, stencil: 8, acc: 0000, samples: 0/0
display  D   display_settings.c:506  _al_score_display_settings       [   1.69772] Score is : 769
display  D   display_settings.c:191  debug_display_settings           [   1.69775] color: 32 (rgba 8880), depth: 24, stencil: 0, acc: 0000, samples: 0/0
display  D   display_settings.c:506  _al_score_display_settings       [   1.69779] Score is : 769
display  D   display_settings.c:191  debug_display_settings           [   1.69783] color: 32 (rgba 8880), depth: 24, stencil: 0, acc: 0000, samples: 0/0
display  D   display_settings.c:506  _al_score_display_settings       [   1.69787] Score is : 769
display  D   display_settings.c:191  debug_display_settings           [   1.69790] color: 32 (rgba 8880), depth: 16, stencil: 0, acc: 0000, samples: 0/0
display  D   display_settings.c:506  _al_score_display_settings       [   1.69794] Score is : 769
display  D   display_settings.c:191  debug_display_settings           [   1.69797] color: 32 (rgba 8880), depth: 16, stencil: 0, acc: 0000, samples: 0/0
display  D   display_settings.c:506  _al_score_display_settings       [   1.69801] Score is : 769
display  D   display_settings.c:191  debug_display_settings           [   1.69804] color: 16 (rgba 5650), depth: 0, stencil: 0, acc: 0000, samples: 0/0
display  D   display_settings.c:506  _al_score_display_settings       [   1.69808] Score is : 769
display  D   display_settings.c:191  debug_display_settings           [   1.69811] color: 16 (rgba 5650), depth: 0, stencil: 0, acc: 0000, samples: 0/0
display  D   display_settings.c:506  _al_score_display_settings       [   1.69814] Score is : 769
display  D   display_settings.c:191  debug_display_settings           [   1.69818] color: 16 (rgba 5650), depth: 24, stencil: 8, acc: 0000, samples: 0/0
display  D   display_settings.c:506  _al_score_display_settings       [   1.69821] Score is : 769
display  D   display_settings.c:191  debug_display_settings           [   1.69825] color: 16 (rgba 5650), depth: 24, stencil: 8, acc: 0000, samples: 0/0
display  D   display_settings.c:506  _al_score_display_settings       [   1.69829] Score is : 769
display  D   display_settings.c:191  debug_display_settings           [   1.69832] color: 16 (rgba 5650), depth: 24, stencil: 0, acc: 0000, samples: 0/0
display  D   display_settings.c:506  _al_score_display_settings       [   1.69835] Score is : 769
display  D   display_settings.c:191  debug_display_settings           [   1.69839] color: 16 (rgba 5650), depth: 24, stencil: 0, acc: 0000, samples: 0/0
display  D   display_settings.c:506  _al_score_display_settings       [   1.69842] Score is : 769
display  D   display_settings.c:191  debug_display_settings           [   1.69845] color: 16 (rgba 5650), depth: 16, stencil: 0, acc: 0000, samples: 0/0
display  D   display_settings.c:506  _al_score_display_settings       [   1.69849] Score is : 769
display  D   display_settings.c:191  debug_display_settings           [   1.69852] color: 16 (rgba 5650), depth: 16, stencil: 0, acc: 0000, samples: 0/0
display  D   display_settings.c:506  _al_score_display_settings       [   1.69856] Score is : 769
display  D   display_settings.c:191  debug_display_settings           [   1.69859] color: 32 (rgba 8880), depth: 0, stencil: 0, acc: 0000, samples: 0/0
display  D   display_settings.c:377  _al_score_display_settings       [   1.69863] Single Buffer requirement not met.
display  D   display_settings.c:191  debug_display_settings           [   1.69866] color: 32 (rgba 8880), depth: 0, stencil: 0, acc: 0000, samples: 0/0
display  D   display_settings.c:377  _al_score_display_settings       [   1.69870] Single Buffer requirement not met.
display  D   display_settings.c:191  debug_display_settings           [   1.69873] color: 32 (rgba 8880), depth: 24, stencil: 8, acc: 0000, samples: 0/0
display  D   display_settings.c:377  _al_score_display_settings       [   1.69877] Single Buffer requirement not met.
display  D   display_settings.c:191  debug_display_settings           [   1.69880] color: 32 (rgba 8880), depth: 24, stencil: 8, acc: 0000, samples: 0/0
display  D   display_settings.c:377  _al_score_display_settings       [   1.69884] Single Buffer requirement not met.
display  D   display_settings.c:191  debug_display_settings           [   1.69887] color: 32 (rgba 8880), depth: 24, stencil: 0, acc: 000鬌lcqVИvAv0ÛLQ]Ew~*T)[L+@5r14ٲ^+PC[DuI|"σOY=[:vݍtާ?ϧBkjA\lY!k>b>R؁mkV;hK `\`7tu}m[loH#>ɁO(u?"7I|K?
9.+ͦUOOMӱiǧDuI|"CG٧W`BGƅ[i?
9UQǽW~+fm^%u:w<\?ok/}Bն&{Fq{յQ~WS{.ٗRWT%uat%@]^h;ln猭Աhq?`"~)aN?/Jeh J7}sH'=5];W௟fXiS;o;X1Q`j&}m # T"ъ]c?DLl3w䌡yxN^$5X%;2}]?du}q~kwj/kYs0ӓ{Ҡ+f8ck|3rwQV-<؂}\lg<ܦvo7	<4=rgֹts9e6gջ9㬠Fg*Iu>}>h-y>wT繟⽨T3O&oKɿtY}g?D[dyǑ?FH=?m>1#-7ؤ7}{yxN$(;=Up5B!k%Ρ>ļ8'[ݘߥʋ1Odoxzp1c6LCɋ\s|kDlhްmDrߤRRvӧ֊{6ct?l3m~__1urG箧;)3A7?h2"Ry");c1G:QEZ6:sRĹ>P޷Ш<Dk┲k܌0m~@-38F{l7CE[1="csIe?d'm8)-`T^8F9:F뽏Q;eǨjR}.q\z_(u?nkj"W!Sk}O~#0BqWqwǨ6hbh MCm6xG<NG}tmu:~O;v^l\-M]U}:eBPqI:?hhZ (h"lb#c1G:Q۪IJ{Lj'Ne}]:?#Fpz>y{#x=c'@sWV>yķ'a%H٩JRq!e޿G >	Z<xdǓ'^#39l::kA)^ˡ3f4e]`X-tw4rfP.IQZDAH^BP"`&gBFNPj	'qJIf	AQRA#B]r'r\-Dni~(;%pX}0}\gu3û[g:URkEo$#q?nFSR	srQNte"z!uXũ=o!B!uR&ݡK$dy!	3"1pCihsB-ތH8pKp%QلhAҲJfcj,Zw]zdӰevkm!2^lF!eSU`9:ac3@([dͬ.5n`M+m&6Qd0S'A<@;̩r.رܚTġ}>C**6GE1)*	+PF wmEe f2K뜵Qƅ()܏/HUVMb{G
G\z|z|T|E'^Z/thi'Qudy8;uz4e/BgaFO~f9FiShɶ'x_X6Vْ<1<Y|xWXni=41O|gXef&4cqg=.ؑç._<{̯
EѼGhb.rp#4tf~Xwh	&>Q`LsbR?=x:Ey:&7&lƤPMN~~'G*?\1y(j?ĂC0d;uN[,0ل+XpLu,.^\AӜ\ڵzm61wXOO9w F¼fnǜ1і,WyF̎Ӽeh9L"p?&U?mktXbuZ[NN>C0qSM<.1ϰ_3ΐba}c=f2p8rfr[lޫ>z*wՐ<ϊ\[5;\.{,s>{ڍW[hM;˿,Bjk
bQȁz'af4.3lEv㩺?;9nn$+aXa:_g{_*V7qj>7Orqr-(uX;Աbq{l?KϧBkjA\}/ǉ}<|Z~w;|Zy^Tg'$ȱd.Mh*!VsTt=Pt-\5et{>ɁOYQ)먳3J"^Nso7t>r0]T]].Wit|>84'OrOľ@(u\rБqۭ?
9=to13_;٧.+w6\_}n\n|o ҋ_.yyA}E)~"u%"G'mU9[Joh}Ly;~*ΈxlA-'汛>ݽ=.'8>r_ˈgala/q_N_ /}徵bIXS+C+7Zzpc|dDnI1̊Wz>cr^<Ϋް϶,R|MaUI\;,5җ}.%}5kLcmAW]ZG0}3Pǐaw?ɶۦC63<tg1i|HyZ6NY˼y
]
T]H*_EqsgU9lZs-eޙ2֙
vCWO%#gl5n&QG݁eQo;\u?Qa@Evz<~;y2q2NwsWyx̕]c Kj%Kq`#|rCTg[m:b$/r vj=C7RްA>@@J*WOVlwی9҉؞~sTg[mYl|1s嚹_fʌءگw7l3~}%@5ЅcStz6ct?CEuu~֙6yRM^jer}uTb%c߫)3w̛a6}..XMJی9҉#ly~짾ߦvO<1Sk4t{ۓ!Ҡ%I噏6 Eld=lξ="c(3C3am(oӥ@5Ѕc;:F}!(?FU*b
y;TF}|1}=`ȿcUPY08A>@@s1OV<I';_xYTd߇UN?#.O{RW!f{xn1x1UsosW߱9p1PͽO}nSE$1>h9ُdOw ^=6&dl y1?}Ƀ̳'1%=y]ߐ'.Ɣj0)yx}s%jA(ƒJR(=3CB;M6hR6Qn\CBkQH GhR#:_)Fh8GQA=RS}L)Z_"6XHvQ)]ήћT=W'KF-.6C/ܧ]y3cYc|43gG5-ܿ{pvr%ԁj!
=5'?ggۘI!Nŧ	o|l;	oSfw^:qv"x3=ݹxghbzy'8;^|%w5!9ST5'3)~q堸6=cP:g*mC%$hSK=ጭYx޿rg]w%7]D>oEA50(ӡǞ/Ӂ[:nGqs^/hx~;xA8|ijBϙː	;0-d*&TG*Ow(S3'{ŪspwyoΘB^i_cdb		حzf~Kzs)<O{YKV>v"܎Ǹ,hٸmllga+kI/B_SkJzV{M~Z@Ƹc"	..Qؾ΃2i異vx>g1$+yA-ƌ>dvq^	{u|_b=ߜʯ8Ec?9,U]"5fKV>@o<7dήn1zF:ǌ5<MA"YBD!jVY{'GYc=m}%W嘆m>=:bʁO择w
>Q}?e<6w{@זnCYFX5ׯ9bM}/-jDS#UCtKU~$=B<ˬeQn{c^Ts1Q'H Z6cyCßiT{_C	g=׽Ƣ:>G^u(.ts]ՉL@5vWkYồǼvl7:>G^3XGM11&oo;!rPturѮq2{-goO&e?k-Vfܷ 3S{.ٗgո!\1@K@@->6;)~+ul%"G}[wp1afRm1Yb7D;V?ho<M{cC:Qwwss_4$/ru?uߧwMV,]2#Zvfq6}..X̆>X1\w8&(Imuf98cèyl8yM~6}wp! 蒠%1~lldll>M.c#$C<Fy)(Էi!PbCnliQ;5OgՅ:5
4=LuYwz.duxm
{;N8KOLP\|bڭ OXC=[h>.4	=Iц<5R<Mw*IGcT?$[(6mVr]ỖyauytiAW>?)1()3aXqPLl%41]oRI嫧N~'}}|6vQ`)vchlpn{.'й*3ZoSL0	U&{)yv?殉7k7}MC_oj'4˵9Wo1=V{?TiDĞZ縙Gog;M*s\{}o3s$sZ:Fчm Ictbp% >z;3Odޟ3<n>3x~ؗl^'ЊxNZ:!UMmuēʿǏ55бÛ[ChIqܷ2._mM{ֽTgQqJw)avҙ	gzʙ%ߵeJ};<?wugMq,2c+.w<V{<س-}w|4-G5{=EgEk2Dr:2:}yدS7o|l{olw9M/}ypix/Yt2۽?&h.ﭧϳVm^_쏩|QWZokh?܇SpvbV,83=n^_$ns"h袖S⬘>ALm|+hUxQҔ!^.;|AyyU!׻igS-ߪD/ߍ4긧[o5 G8s}v{h:TG<~!;ͭ>hqO/LKG!^&~31J̏){0\ТV}ZD@ŹN>O~}4~/T>Hx1긧[+biw\a+_`\<#ċsw{gr|]-~AVy?&}:i4{z-ċs(*N?;A!/ΜB/p]HB4AK)O/$_s+Oޓ4-z?/_f{k=ق2ɟV0kW@m>T]iֵ*͊TvkskuAL,FyU97IӭTlUu)[tx+M-zn1&)N8s$Wza_-ER</,-/ԟmʔgmRԷ". !^	ȯiċ3xiR
~:#^6=hqOEIAW\@8s5/v[$<ňeϛo-[/_YuSqnNyIyأ|a'KA"E=~E'egeஊGnoi[/䚁9y-_1<U|
~˃ʐxqF3Xmx8+(/ԟ7эM9Kg^_Ow	{Ayeϛ|tqΒi.ߛR/W'2~yWI(s~pcXr8?#~XeC8swQ\oY[	/F$~/ԟG?[b[%=̇=A\8=ϐ?>Vo^'^T6Y~<~?i;2O96Ɛm0ߧ.E62Ȗ-ElժUddl**e˨ȖM##[6l.T4\dhy8+={s,(FkFk`Q]~qgj"npZMϡu޼ԺȃniTEmTfd%g(keM12_~e|j
̩>sVΨĺZ?̿zfG?w7΀zShZ]$LDݨopVX}~g^fBkrFUv|Yx˵Euw6o>rcCRBEe䰝7
 ,"ݍ~y=X!!bKooXTܺȦoU7gٙVELRt2]h/Ndo!X0޳מ|ʞͮVE_''*9 ,	P&oXT<~2;E׃
=[U??y_x3S@`Qwp	S>Wǭ[8l|&XT4#	༌I|YU'wg{Z%x,#õ'/KċEe,3_XKXT/
ĳ|j[|iox/K3]yX}ɉ%,,3,_Xia,%Rr
x5}Xp44:w>֢w]E矟?f@>W1V
܅5ؙ},>o?K/Cǣ,;͟>Uе`Qхa{{s>Jl|pXTG`|(vEe,d<QԟUl5Eaq{Y;?>ōr|nXqa5Kzag{U&fx|
,e.͇E/v>aNo
Uy3_XauV뱃E5enZ,;K?z ',>eXT=^]6z~ꭞ<Y[d~rXTtI,tJ%aeZ˗:c{p~:?E&=/zo}ޘF`QؿٿU,o8^۩aws]{p|1VZ]U7m鍞SKo-XTK˿Þ׿xKľ,99gTmcqͦ^J.vM`QMK=c˝V~k(wҺZWw~@,U|q/svxOFf\E}x~+ ?G=C<[%ߕ`Q[F$OvTaWNWZ_q>XN<沍?_C9^xv~?ueykWE|g/Z[ / ,;=[ɂE_=ǻ%fiŻ,Iuk>Ew%OY],+8.2|:(K<zfg%_X|⥉g9`QjtegM/uuMixYe+2(y>!:z,xd"E//xT7}["=Ϸ6fg,8O^)h-_.?.|)/S<˗r(cE,[V]	Eo̗aֶXT<JOY˻<M://,ś!ӵyeRre3X1_>/egA(Uu%*>/ѳ"wXw?&VRaǷ;=ϺgvΨq㥈,2ltzoϞGj?^6{&<*E|͞K⹎X<˗(NeQ>_aǷExg+`AC|~/;<U`Q{JEME<=I7Eǟ<KoG+X57V'OGkM`QyF	K`Qz'i`Q{iyzGor[/,3+q5cR3
<y?K/fy/ Z_x	-߳ϥ7u'=_,*ay]+|IʝC/)y&2~-T=_Rj{iXJ,|<WE苞M|J&mxU>&yԌe͛e;r5Xp=FkwQqy~/=Hk3WĳyXeΏz#f [e)L e珮rEY{DlTfl=y78_v|5Z7h*wyQH*}4rXxB<zv(cL,l<E_>9ߞr;K<{>([xgϯuEZP.mv=x'X~X?fg]`Q.%烧~,sXݟn/]S4?^oxv~E̿<?
^x-x,zĳ?<??^^9EiA;C0X=3zm2V%^x}`Qqs!^x:Ec~oox~?Xq|ȳ= Oyg9Xoy[*=6 E99g=
a\^>-毎E/⥉gWC`Q*yegWG/txYa(cu{_wxXT<-(vgێ_X{PZ˗c`Qw[YLX=}U)h-_rgT)K<X{<ϏS|3w{KC`Qo\l<4,Jj"?Ԇ*_h_
X}{=_x)'EekeHE4}9`QqgH<{%,?<JJ/[\ɻ6*%X=~"❡	aǣ5V X=ue>XE|ӳ=BeEWqeU3+H׫Kg8}[7xOiFk}`Qq9byrfg.tSUŋgٽ`QT;j~׺˓l{,zI6vxMUxō~`VOchϵ֦FOFjzAMW匪w׾TT=;e=7'gxV`Qk]=yhXyC`Q%_O\us;`QMs3/c[x)`QsOz$ݿ*(}-_pyBK?rFU^֭;OZW0z̯h,A-DlTEoTs,ϋٿu7K<{~,LeOϭ1^E?3x[f`Av|ZkEUs㿧=Xi;رUX~D̲{,*|~Oj"p^ߌ~e<9>wxzΨetG;sFUr:|'O,Ϸ`AoOO{E#{4aRKv'XT} /JYv=Ҩ7)5Ta-+u\i=*u*=V'q`Qy7鼥Qqmޥh:w%Oein?]*ݏJj?·~"+Ve[=0'hzAaǷ͎(UFx3ųC`A_xKb(c{9>((OY2<[̒9a!^@^u/Yw2wvN뷪8މzEEy!I%`A|,,z(W9T["iOZ;wEq}Vns1v}X7gνMnTj,/m=vIX<9ĳ3؟e`{~LqkW@]MOU[w8'x3czF)a_)nwokM7{nmwCx}<v*g>>\/\\R.u]{^taM겺Hlo|~"N2>ilC8_}qu['~ߺY䔱O1凢[x߇o
nw-~UƷomk'ɿߖr;*@?(Ӹf5qWKuvBL~8cVv1Sː;\{*npeV;MgS@s6-ݬr@ud̚|6:g+?NZG& 96}Y}ݱNR߉󜿅/{-9>/Mv|4Zy4ׯ#ɊTGZq|oWyzj[u<{̷Z2Yf/}w^16Uq5T89`7M~.vˏg*LڅTaNQ'}v kd(g}vǎLrc50ب7P&|צHYyO"owӟ׮>uPߧkj}'ƭTa|8fWCE~9M1;Ǎyw)GuXۃW֎'if.Ͳc[^M㸞mNک+b1usKP?T?wE>imGsFUuEM$λŋ XT􊩿ap<fGq0Jxe~`[X7&[\;szB=nyƜi٣62T1y܄Qi@Ŀk|x,vcW]>-W[ǭñ1p6T8n1.T0f~@O:,IͰ{`A1
mH= _{/E<0ElwZ=oox1 `8)gT"7Cc~&^x</%^x6W7,lMx`6XTW`|⥉gky ?Ń2~r<Zs
Xŗ>/[w2XT{ \<bf@`AkE*@`Q偼t~dEJkڃ,(mk7<6,/U<dE57,@^#x?Sݘ]aIxd;[
@޶Ix
/]	-ΏB@^%x7Ck`Q{7{)ͦ3F /C)iտj䕋7Wyߊ/*|ZP`Ae;%<C]lJS?d`AkF+*,^,9W1~EkUXP  x_[,/Y^Vm'-=Z
D&s[tR\s9䣤6Rq?&و}nx͵>6냪&oXb=_vkDqq\WS]su`?ؚ-~@ϰzɨ*ѕ`Q6V6BT񬍾
,koxFWEU?xsų6j@^xų6,FFH<kk/,agmtXTK mڙ^3Xq<<oSe}
,)W1j=n@۠_nz`AK0hV~m~s%.}NX6[6Wv17U&nsdO*
;/'yFzX܏92s;~'s?F(?ub[f{&w+}ھFYv\3k)_E_'v[qh,؎ֳdaׂ,Z@^xY;aNPwyu ͵Eu6$͍\E;@l>w /u/]]El:m9bwXŷKkw#XqnwǴ)r[Ʒ</GRXԺ@U7'-`6Qpl?kΓ/Hvl=P2!_ܮ<l'ypv^t~v9So虙bܻ/d|>J|)(	cTIul#<[O*V}øsk_L?ۇQݺm~_E_'wCk?~Hɧ-,j80&f~,xo;yv42l$(c?v=ztej;ElEhp|$Zx<k1J%Ee Sy>!^T/,π̲UGKv?o<Kη> /7S<;j䕉7[<;/"^xߟGm<Yo`Q-lw-w{_ISɣ6a+,X񖉷LXT`|D<[?(Xw\2,>-`0}k8;nG4)6msҗ,26NqԱ#lwb\wı}z-c##Iј<}!f4n/ةa~i? gX,Km/ET{^,nC]i{)XŗFyZȫ/Ko
XEg~H;yjsB'_X|wSųRk#>(fBs/,Vwo:XTy /BvXE?RWf9eE濫o-fRĳN&Xx3ųNXTs 7[<,
5&][dEwyu5Z	,[sy;,/%^x6g%g`QǱ!9J'fe`A_x❢?oҿ^#XT{`|-/WE.CcV؆Mg^_X|_q<d1,*j)/"^D[X,^Tη`Q!7X1_y-Zy̗k/Et[,n_<C}8/,_uy-P{U򶉗))j. 0^xYٻ%`Q/ܯ9^x`Q]U'yo-Xoe|~k]Yߋ/,;Kɓeάj䕋W ^x_UgkEwc\:Zy%goXKK7[<m j&|)X9^k$O|h#X'Bu|/j-<]eE8pjJ q1o\\˷9)jF9?{/Nqa\m澉s53s6Xg\c\7F3{o3^zQ>qhm`Qyr-?96ox6WsX)^x6WSU˾ĳs5y%6D<wx6WSEK9Wm;W<:Fgs5[/O\6(\}s5Ӛ"k6YOEY'^x6WSaG\gś-`Q{yEq4lf'Xq~Ͼxĳ]`A_x\v[SZ+6EKƊ_0^xI:M`QX1{6K},30񘚥v_ y5{X@^j񥵹=`Qsn`x`A>RěkgzӾ,wƷNth02[:uA2ų|/XZ
=Eׁ~,zvY=/	a^@Jk|#X18^xϭ`QՉ"\wXq<S<daeOyL|,3YSR>0gs˷EϹ9eQƷQx-EUsċg9_X|Ӯwĳ~/:hm|a=%gK/՞{?aAяS?d6,j00]⥋|Kx<w_X|cPXTo [,/x/`ƺH8Esk{{,}dwsku<8LUu\K9:Ra~+[6Nq.aǄ$3\RV}ӺO1sIeXşKQ.(f+~Pٷ.1x#`AV/CmC`A;(2VEUZF(m3ěc9g/,-4{,x_┟̦CC`Q Ѫ-?
{[&=s9a˧TyH(.!gT#ݱ<`A@št݁:^x66I5$5,x=96!Ot<9^xd(}=Ӻ<Wfy_X|Q~@feEU~:N`Q[a/I<߲4/)71Y%`Q ^xt_ox!7"l(X%?Oۙe5ng׶Yg_X|/O<y?]aNLr c۲_8YjWEW-^x/wQFkJ@^- o`QyK#~fg[XŗKK5`Qmxĳ,ۋߠ"XwX{Գ[{`.	oxIYV
E̗gz VK2@^xų @Ū`QׁG=e9^x٪Kz/G<ŷ,>wn/"=w{9Xŗ+ǋ,` oyk̲,x;C|_X?&Vnm Od]z 0^Lo/A<6E%gcnfg[%X7 ^xֿ]E
xĳ
,j 0o8ge/3ge۠g췓)Kz(c6/ś#o:/M<67_<v_oxĳuwE߹R~I/Eox-U|`Ae|xy֗/,"Ek[{EŋXH oxwo7XTfm@|׀_X|OYo{y=jhXz&,!`,OkE